              :-) GROMACS - gmx mdrun, 2021.4-Ubuntu-2021.4-2 (-:

                            GROMACS is written by:
     Andrey Alekseenko              Emile Apol              Rossen Apostolov     
         Paul Bauer           Herman J.C. Berendsen           Par Bjelkmar       
       Christian Blau           Viacheslav Bolnykh             Kevin Boyd        
     Aldert van Buuren           Rudi van Drunen             Anton Feenstra      
    Gilles Gouaillardet             Alan Gray               Gerrit Groenhof      
       Anca Hamuraru            Vincent Hindriksen          M. Eric Irrgang      
      Aleksei Iupinov           Christoph Junghans             Joe Jordan        
    Dimitrios Karkoulis            Peter Kasson                Jiri Kraus        
      Carsten Kutzner              Per Larsson              Justin A. Lemkul     
       Viveca Lindahl            Magnus Lundborg             Erik Marklund       
        Pascal Merz             Pieter Meulenhoff            Teemu Murtola       
        Szilard Pall               Sander Pronk              Roland Schulz       
       Michael Shirts            Alexey Shvetsov             Alfons Sijbers      
       Peter Tieleman              Jon Vincent              Teemu Virolainen     
     Christian Wennberg            Maarten Wolf              Artem Zhmurov       
                           and the project leaders:
        Mark Abraham, Berk Hess, Erik Lindahl, and David van der Spoel

Copyright (c) 1991-2000, University of Groningen, The Netherlands.
Copyright (c) 2001-2019, The GROMACS development team at
Uppsala University, Stockholm University and
the Royal Institute of Technology, Sweden.
check out http://www.gromacs.org for more information.

GROMACS is free software; you can redistribute it and/or modify it
under the terms of the GNU Lesser General Public License
as published by the Free Software Foundation; either version 2.1
of the License, or (at your option) any later version.

GROMACS:      gmx mdrun, version 2021.4-Ubuntu-2021.4-2
Executable:   /usr/bin/gmx
Data prefix:  /usr
Working dir:  /mnt/c/users/Admeen/OneDrive/Desktop/Cirsimatrin-Simulation
Process ID:   79
Command line:
  gmx mdrun -v -deffnm nvt

GROMACS version:    2021.4-Ubuntu-2021.4-2
Precision:          mixed
Memory model:       64 bit
MPI library:        thread_mpi
OpenMP support:     enabled (GMX_OPENMP_MAX_THREADS = 64)
GPU support:        disabled
SIMD instructions:  SSE4.1
FFT library:        fftw-3.3.8-sse2-avx
RDTSCP usage:       enabled
TNG support:        enabled
Hwloc support:      hwloc-2.5.0
Tracing support:    disabled
C compiler:         /usr/bin/cc GNU 11.2.0
C compiler flags:   -msse4.1 -Wno-missing-field-initializers -fexcess-precision=fast -funroll-all-loops -O3 -DNDEBUG
C++ compiler:       /usr/bin/c++ GNU 11.2.0
C++ compiler flags: -msse4.1 -Wno-missing-field-initializers -fexcess-precision=fast -funroll-all-loops -fopenmp -O3 -DNDEBUG


Running on 1 node with total 2 cores, 4 logical cores
Hardware detected:
  CPU info:
    Vendor: Intel
    Brand:  Intel(R) Core(TM) i5-4330M CPU @ 2.80GHz
    Family: 6   Model: 60   Stepping: 3
    Features: aes apic avx avx2 clfsh cmov cx8 cx16 f16c fma htt intel lahf mmx msr nonstop_tsc pcid pclmuldq pdcm pdpe1gb popcnt pse rdrnd rdtscp sse2 sse3 sse4.1 sse4.2 ssse3 tdt x2apic
  Hardware topology: Basic
    Sockets, cores, and logical processors:
      Socket  0: [   0   1] [   2   3]

Highest SIMD level supported by all nodes in run: AVX2_256
SIMD instructions selected at compile time:       SSE4.1
This program was compiled for different hardware than you are running on,
which could influence performance.

++++ PLEASE READ AND CITE THE FOLLOWING REFERENCE ++++
M. J. Abraham, T. Murtola, R. Schulz, S. Páll, J. C. Smith, B. Hess, E.
Lindahl
GROMACS: High performance molecular simulations through multi-level
parallelism from laptops to supercomputers
SoftwareX 1 (2015) pp. 19-25
-------- -------- --- Thank You --- -------- --------


++++ PLEASE READ AND CITE THE FOLLOWING REFERENCE ++++
S. Páll, M. J. Abraham, C. Kutzner, B. Hess, E. Lindahl
Tackling Exascale Software Challenges in Molecular Dynamics Simulations with
GROMACS
In S. Markidis & E. Laure (Eds.), Solving Software Challenges for Exascale 8759 (2015) pp. 3-27
-------- -------- --- Thank You --- -------- --------


++++ PLEASE READ AND CITE THE FOLLOWING REFERENCE ++++
S. Pronk, S. Páll, R. Schulz, P. Larsson, P. Bjelkmar, R. Apostolov, M. R.
Shirts, J. C. Smith, P. M. Kasson, D. van der Spoel, B. Hess, and E. Lindahl
GROMACS 4.5: a high-throughput and highly parallel open source molecular
simulation toolkit
Bioinformatics 29 (2013) pp. 845-54
-------- -------- --- Thank You --- -------- --------


++++ PLEASE READ AND CITE THE FOLLOWING REFERENCE ++++
B. Hess and C. Kutzner and D. van der Spoel and E. Lindahl
GROMACS 4: Algorithms for highly efficient, load-balanced, and scalable
molecular simulation
J. Chem. Theory Comput. 4 (2008) pp. 435-447
-------- -------- --- Thank You --- -------- --------


++++ PLEASE READ AND CITE THE FOLLOWING REFERENCE ++++
D. van der Spoel, E. Lindahl, B. Hess, G. Groenhof, A. E. Mark and H. J. C.
Berendsen
GROMACS: Fast, Flexible and Free
J. Comp. Chem. 26 (2005) pp. 1701-1719
-------- -------- --- Thank You --- -------- --------


++++ PLEASE READ AND CITE THE FOLLOWING REFERENCE ++++
E. Lindahl and B. Hess and D. van der Spoel
GROMACS 3.0: A package for molecular simulation and trajectory analysis
J. Mol. Mod. 7 (2001) pp. 306-317
-------- -------- --- Thank You --- -------- --------


++++ PLEASE READ AND CITE THE FOLLOWING REFERENCE ++++
H. J. C. Berendsen, D. van der Spoel and R. van Drunen
GROMACS: A message-passing parallel molecular dynamics implementation
Comp. Phys. Comm. 91 (1995) pp. 43-56
-------- -------- --- Thank You --- -------- --------

Input Parameters:
   integrator                     = md
   tinit                          = 0
   dt                             = 0.002
   nsteps                         = 50000
   init-step                      = 0
   simulation-part                = 1
   mts                            = false
   comm-mode                      = Linear
   nstcomm                        = 100
   bd-fric                        = 0
   ld-seed                        = -1145111561
   emtol                          = 10
   emstep                         = 0.01
   niter                          = 20
   fcstep                         = 0
   nstcgsteep                     = 1000
   nbfgscorr                      = 10
   rtpi                           = 0.05
   nstxout                        = 0
   nstvout                        = 0
   nstfout                        = 0
   nstlog                         = 500
   nstcalcenergy                  = 100
   nstenergy                      = 500
   nstxout-compressed             = 500
   compressed-x-precision         = 1000
   cutoff-scheme                  = Verlet
   nstlist                        = 20
   pbc                            = xyz
   periodic-molecules             = false
   verlet-buffer-tolerance        = 0.005
   rlist                          = 1.221
   coulombtype                    = PME
   coulomb-modifier               = Potential-shift
   rcoulomb-switch                = 0
   rcoulomb                       = 1.2
   epsilon-r                      = 1
   epsilon-rf                     = inf
   vdw-type                       = Cut-off
   vdw-modifier                   = Force-switch
   rvdw-switch                    = 1
   rvdw                           = 1.2
   DispCorr                       = No
   table-extension                = 1
   fourierspacing                 = 0.16
   fourier-nx                     = 48
   fourier-ny                     = 48
   fourier-nz                     = 48
   pme-order                      = 4
   ewald-rtol                     = 1e-05
   ewald-rtol-lj                  = 0.001
   lj-pme-comb-rule               = Geometric
   ewald-geometry                 = 0
   epsilon-surface                = 0
   tcoupl                         = V-rescale
   nsttcouple                     = 10
   nh-chain-length                = 0
   print-nose-hoover-chain-variables = false
   pcoupl                         = No
   pcoupltype                     = Isotropic
   nstpcouple                     = -1
   tau-p                          = 1
   compressibility (3x3):
      compressibility[    0]={ 0.00000e+00,  0.00000e+00,  0.00000e+00}
      compressibility[    1]={ 0.00000e+00,  0.00000e+00,  0.00000e+00}
      compressibility[    2]={ 0.00000e+00,  0.00000e+00,  0.00000e+00}
   ref-p (3x3):
      ref-p[    0]={ 0.00000e+00,  0.00000e+00,  0.00000e+00}
      ref-p[    1]={ 0.00000e+00,  0.00000e+00,  0.00000e+00}
      ref-p[    2]={ 0.00000e+00,  0.00000e+00,  0.00000e+00}
   refcoord-scaling               = No
   posres-com (3):
      posres-com[0]= 0.00000e+00
      posres-com[1]= 0.00000e+00
      posres-com[2]= 0.00000e+00
   posres-comB (3):
      posres-comB[0]= 0.00000e+00
      posres-comB[1]= 0.00000e+00
      posres-comB[2]= 0.00000e+00
   QMMM                           = false
qm-opts:
   ngQM                           = 0
   constraint-algorithm           = Lincs
   continuation                   = false
   Shake-SOR                      = false
   shake-tol                      = 0.0001
   lincs-order                    = 4
   lincs-iter                     = 1
   lincs-warnangle                = 30
   nwall                          = 0
   wall-type                      = 9-3
   wall-r-linpot                  = -1
   wall-atomtype[0]               = -1
   wall-atomtype[1]               = -1
   wall-density[0]                = 0
   wall-density[1]                = 0
   wall-ewald-zfac                = 3
   pull                           = false
   awh                            = false
   rotation                       = false
   interactiveMD                  = false
   disre                          = No
   disre-weighting                = Conservative
   disre-mixed                    = false
   dr-fc                          = 1000
   dr-tau                         = 0
   nstdisreout                    = 100
   orire-fc                       = 0
   orire-tau                      = 0
   nstorireout                    = 100
   free-energy                    = no
   cos-acceleration               = 0
   deform (3x3):
      deform[    0]={ 0.00000e+00,  0.00000e+00,  0.00000e+00}
      deform[    1]={ 0.00000e+00,  0.00000e+00,  0.00000e+00}
      deform[    2]={ 0.00000e+00,  0.00000e+00,  0.00000e+00}
   simulated-tempering            = false
   swapcoords                     = no
   userint1                       = 0
   userint2                       = 0
   userint3                       = 0
   userint4                       = 0
   userreal1                      = 0
   userreal2                      = 0
   userreal3                      = 0
   userreal4                      = 0
   applied-forces:
     electric-field:
       x:
         E0                       = 0
         omega                    = 0
         t0                       = 0
         sigma                    = 0
       y:
         E0                       = 0
         omega                    = 0
         t0                       = 0
         sigma                    = 0
       z:
         E0                       = 0
         omega                    = 0
         t0                       = 0
         sigma                    = 0
     density-guided-simulation:
       active                     = false
       group                      = protein
       similarity-measure         = inner-product
       atom-spreading-weight      = unity
       force-constant             = 1e+09
       gaussian-transform-spreading-width = 0.2
       gaussian-transform-spreading-range-in-multiples-of-width = 4
       reference-density-filename = reference.mrc
       nst                        = 1
       normalize-densities        = true
       adaptive-force-scaling     = false
       adaptive-force-scaling-time-constant = 4
       shift-vector               = 
       transformation-matrix      = 
grpopts:
   nrdf:     5116.75     57294.2
   ref-t:         300         300
   tau-t:         0.1         0.1
annealing:          No          No
annealing-npoints:           0           0
   acc:	           0           0           0
   nfreeze:           N           N           N
   energygrp-flags[  0]: 0

Changing nstlist from 20 to 80, rlist from 1.221 to 1.317

Using 1 MPI thread
Using 4 OpenMP threads 

Pinning threads with an auto-selected logical core stride of 1
System total charge: -0.370
Will do PME sum in reciprocal space for electrostatic interactions.

++++ PLEASE READ AND CITE THE FOLLOWING REFERENCE ++++
U. Essmann, L. Perera, M. L. Berkowitz, T. Darden, H. Lee and L. G. Pedersen 
A smooth particle mesh Ewald method
J. Chem. Phys. 103 (1995) pp. 8577-8592
-------- -------- --- Thank You --- -------- --------

Using a Gaussian width (1/beta) of 0.384195 nm for Ewald
Potential shift: LJ r^-12: -2.648e-01 r^-6: -5.349e-01, Ewald -8.333e-06
Initialized non-bonded Ewald tables, spacing: 1.02e-03 size: 1176

Generated table with 1158 data points for 1-4 COUL.
Tabscale = 500 points/nm
Generated table with 1158 data points for 1-4 LJ6.
Tabscale = 500 points/nm
Generated table with 1158 data points for 1-4 LJ12.
Tabscale = 500 points/nm


Using SIMD 4x4 nonbonded short-range kernels

Using a dual 4x4 pair-list setup updated with dynamic pruning:
  outer list: updated every 80 steps, buffer 0.117 nm, rlist 1.317 nm
  inner list: updated every 13 steps, buffer 0.001 nm, rlist 1.201 nm
At tolerance 0.005 kJ/mol/ps per atom, equivalent classical 1x1 list would be:
  outer list: updated every 80 steps, buffer 0.262 nm, rlist 1.462 nm
  inner list: updated every 13 steps, buffer 0.051 nm, rlist 1.251 nm
Removing pbc first time

Initializing LINear Constraint Solver

++++ PLEASE READ AND CITE THE FOLLOWING REFERENCE ++++
B. Hess and H. Bekker and H. J. C. Berendsen and J. G. E. M. Fraaije
LINCS: A Linear Constraint Solver for molecular simulations
J. Comp. Chem. 18 (1997) pp. 1463-1472
-------- -------- --- Thank You --- -------- --------

The number of constraints is 1021

++++ PLEASE READ AND CITE THE FOLLOWING REFERENCE ++++
S. Miyamoto and P. A. Kollman
SETTLE: An Analytical Version of the SHAKE and RATTLE Algorithms for Rigid
Water Models
J. Comp. Chem. 13 (1992) pp. 952-962
-------- -------- --- Thank You --- -------- --------


++++ PLEASE READ AND CITE THE FOLLOWING REFERENCE ++++
G. Bussi, D. Donadio and M. Parrinello
Canonical sampling through velocity rescaling
J. Chem. Phys. 126 (2007) pp. 014101
-------- -------- --- Thank You --- -------- --------

There are: 30694 Atoms

Constraining the starting coordinates (step 0)

Constraining the coordinates at t0-dt (step 0)
Center of mass motion removal mode is Linear
We have the following groups for center of mass motion removal:
  0:  rest
RMS relative constraint deviation after constraining: 2.93e-06
Initial temperature: 300.392 K

Started mdrun on rank 0 Mon Oct 14 01:11:41 2024

           Step           Time
              0        0.00000

   Energies (kJ/mol)
           Bond          Angle            U-B    Proper Dih.  Improper Dih.
    1.01753e+03    6.77600e+01    2.43958e+03    5.26555e+03    9.22011e+01
      CMAP Dih.          LJ-14     Coulomb-14        LJ (SR)   Coulomb (SR)
   -2.00141e+02    1.39658e+03    2.55198e+04    4.44587e+04   -5.44213e+05
   Coul. recip. Position Rest.      Potential    Kinetic En.   Total Energy
    1.28347e+03    1.06659e-03   -4.62872e+05    7.79497e+04   -3.84922e+05
  Conserved En.    Temperature Pressure (bar)   Constr. rmsd
   -3.84922e+05    3.00434e+02   -4.15172e+03    3.07282e-06

           Step           Time
            500        1.00000

   Energies (kJ/mol)
           Bond          Angle            U-B    Proper Dih.  Improper Dih.
    1.77987e+03    1.08842e+02    4.78727e+03    5.75209e+03    3.07046e+02
      CMAP Dih.          LJ-14     Coulomb-14        LJ (SR)   Coulomb (SR)
   -2.10056e+02    1.54691e+03    2.56928e+04    4.00835e+04   -4.72721e+05
   Coul. recip. Position Rest.      Potential    Kinetic En.   Total Energy
    1.50131e+03    1.16345e+03   -3.90208e+05    7.67970e+04   -3.13411e+05
  Conserved En.    Temperature Pressure (bar)   Constr. rmsd
   -3.84163e+05    2.95991e+02   -3.23449e+02    2.98468e-06

           Step           Time
           1000        2.00000

   Energies (kJ/mol)
           Bond          Angle            U-B    Proper Dih.  Improper Dih.
    1.69705e+03    7.18449e+01    5.02823e+03    5.75825e+03    2.38292e+02
      CMAP Dih.          LJ-14     Coulomb-14        LJ (SR)   Coulomb (SR)
   -2.10657e+02    1.55402e+03    2.54931e+04    3.79429e+04   -4.68521e+05
   Coul. recip. Position Rest.      Potential    Kinetic En.   Total Energy
    1.51033e+03    1.06912e+03   -3.88368e+05    7.86630e+04   -3.09705e+05
  Conserved En.    Temperature Pressure (bar)   Constr. rmsd
   -3.84176e+05    3.03183e+02   -9.33922e+02    2.89668e-06

           Step           Time
           1500        3.00000

   Energies (kJ/mol)
           Bond          Angle            U-B    Proper Dih.  Improper Dih.
    1.71770e+03    1.37396e+02    4.80151e+03    5.73103e+03    3.29955e+02
      CMAP Dih.          LJ-14     Coulomb-14        LJ (SR)   Coulomb (SR)
   -1.86715e+02    1.53596e+03    2.57099e+04    3.67440e+04   -4.67357e+05
   Coul. recip. Position Rest.      Potential    Kinetic En.   Total Energy
    1.54349e+03    1.02641e+03   -3.88266e+05    7.81666e+04   -3.10099e+05
  Conserved En.    Temperature Pressure (bar)   Constr. rmsd
   -3.84162e+05    3.01270e+02   -1.07267e+03    3.01270e-06

           Step           Time
           2000        4.00000

   Energies (kJ/mol)
           Bond          Angle            U-B    Proper Dih.  Improper Dih.
    1.83169e+03    1.03136e+02    4.91438e+03    5.73473e+03    2.85248e+02
      CMAP Dih.          LJ-14     Coulomb-14        LJ (SR)   Coulomb (SR)
   -1.96285e+02    1.55821e+03    2.55994e+04    3.79531e+04   -4.69317e+05
   Coul. recip. Position Rest.      Potential    Kinetic En.   Total Energy
    1.50076e+03    9.70942e+02   -3.89061e+05    7.78216e+04   -3.11240e+05
  Conserved En.    Temperature Pressure (bar)   Constr. rmsd
   -3.84152e+05    2.99940e+02   -6.26216e+02    3.04812e-06

           Step           Time
           2500        5.00000

   Energies (kJ/mol)
           Bond          Angle            U-B    Proper Dih.  Improper Dih.
    1.69293e+03    1.16820e+02    4.93911e+03    5.69588e+03    2.51220e+02
      CMAP Dih.          LJ-14     Coulomb-14        LJ (SR)   Coulomb (SR)
   -2.25927e+02    1.52666e+03    2.55838e+04    3.83863e+04   -4.69751e+05
   Coul. recip. Position Rest.      Potential    Kinetic En.   Total Energy
    1.50101e+03    1.04764e+03   -3.89236e+05    7.79361e+04   -3.11300e+05
  Conserved En.    Temperature Pressure (bar)   Constr. rmsd
   -3.84144e+05    3.00382e+02   -8.02132e+02    3.07726e-06

           Step           Time
           3000        6.00000

   Energies (kJ/mol)
           Bond          Angle            U-B    Proper Dih.  Improper Dih.
    1.81110e+03    1.15934e+02    4.86669e+03    5.76444e+03    2.82616e+02
      CMAP Dih.          LJ-14     Coulomb-14        LJ (SR)   Coulomb (SR)
   -2.24911e+02    1.47686e+03    2.55620e+04    3.80929e+04   -4.69476e+05
   Coul. recip. Position Rest.      Potential    Kinetic En.   Total Energy
    1.48803e+03    9.59473e+02   -3.89281e+05    7.76654e+04   -3.11615e+05
  Conserved En.    Temperature Pressure (bar)   Constr. rmsd
   -3.84147e+05    2.99338e+02   -1.00527e+03    3.22539e-06

           Step           Time
           3500        7.00000

   Energies (kJ/mol)
           Bond          Angle            U-B    Proper Dih.  Improper Dih.
    1.74838e+03    8.33710e+01    4.78474e+03    5.55707e+03    2.81904e+02
      CMAP Dih.          LJ-14     Coulomb-14        LJ (SR)   Coulomb (SR)
   -1.99965e+02    1.49144e+03    2.56952e+04    3.80220e+04   -4.70837e+05
   Coul. recip. Position Rest.      Potential    Kinetic En.   Total Energy
    1.49253e+03    9.04601e+02   -3.90976e+05    7.65528e+04   -3.14423e+05
  Conserved En.    Temperature Pressure (bar)   Constr. rmsd
   -3.84131e+05    2.95050e+02   -8.55485e+02    2.92378e-06

           Step           Time
           4000        8.00000

   Energies (kJ/mol)
           Bond          Angle            U-B    Proper Dih.  Improper Dih.
    1.83501e+03    9.20449e+01    4.77560e+03    5.66069e+03    3.40227e+02
      CMAP Dih.          LJ-14     Coulomb-14        LJ (SR)   Coulomb (SR)
   -2.19277e+02    1.49071e+03    2.56710e+04    3.78118e+04   -4.68684e+05
   Coul. recip. Position Rest.      Potential    Kinetic En.   Total Energy
    1.53022e+03    9.92977e+02   -3.88703e+05    7.84728e+04   -3.10230e+05
  Conserved En.    Temperature Pressure (bar)   Constr. rmsd
   -3.84151e+05    3.02450e+02   -9.64125e+02    3.10172e-06

           Step           Time
           4500        9.00000

   Energies (kJ/mol)
           Bond          Angle            U-B    Proper Dih.  Improper Dih.
    1.85440e+03    1.02819e+02    5.00561e+03    5.64005e+03    2.74331e+02
      CMAP Dih.          LJ-14     Coulomb-14        LJ (SR)   Coulomb (SR)
   -2.15486e+02    1.51321e+03    2.57080e+04    3.76447e+04   -4.68336e+05
   Coul. recip. Position Rest.      Potential    Kinetic En.   Total Energy
    1.54200e+03    9.93278e+02   -3.88273e+05    7.82286e+04   -3.10044e+05
  Conserved En.    Temperature Pressure (bar)   Constr. rmsd
   -3.84113e+05    3.01509e+02   -8.71878e+02    3.01626e-06

           Step           Time
           5000       10.00000

   Energies (kJ/mol)
           Bond          Angle            U-B    Proper Dih.  Improper Dih.
    1.85775e+03    9.75581e+01    4.83953e+03    5.76245e+03    2.97079e+02
      CMAP Dih.          LJ-14     Coulomb-14        LJ (SR)   Coulomb (SR)
   -2.15838e+02    1.55337e+03    2.56353e+04    3.79025e+04   -4.69482e+05
   Coul. recip. Position Rest.      Potential    Kinetic En.   Total Energy
    1.49489e+03    8.59599e+02   -3.89397e+05    7.78911e+04   -3.11506e+05
  Conserved En.    Temperature Pressure (bar)   Constr. rmsd
   -3.84124e+05    3.00208e+02   -6.14381e+02    3.10999e-06

           Step           Time
           5500       11.00000

   Energies (kJ/mol)
           Bond          Angle            U-B    Proper Dih.  Improper Dih.
    1.78775e+03    7.72260e+01    4.78287e+03    5.63638e+03    2.70867e+02
      CMAP Dih.          LJ-14     Coulomb-14        LJ (SR)   Coulomb (SR)
   -2.39368e+02    1.52499e+03    2.56920e+04    3.70696e+04   -4.68955e+05
   Coul. recip. Position Rest.      Potential    Kinetic En.   Total Energy
    1.49479e+03    1.01042e+03   -3.89848e+05    7.82639e+04   -3.11584e+05
  Conserved En.    Temperature Pressure (bar)   Constr. rmsd
   -3.84136e+05    3.01645e+02   -9.63966e+02    2.98878e-06

           Step           Time
           6000       12.00000

   Energies (kJ/mol)
           Bond          Angle            U-B    Proper Dih.  Improper Dih.
    1.76918e+03    9.49072e+01    4.90654e+03    5.59889e+03    3.11724e+02
      CMAP Dih.          LJ-14     Coulomb-14        LJ (SR)   Coulomb (SR)
   -2.26930e+02    1.54558e+03    2.55341e+04    3.78170e+04   -4.69874e+05
   Coul. recip. Position Rest.      Potential    Kinetic En.   Total Energy
    1.52001e+03    9.66301e+02   -3.90037e+05    7.79149e+04   -3.12122e+05
  Conserved En.    Temperature Pressure (bar)   Constr. rmsd
   -3.84117e+05    3.00300e+02   -7.82612e+02    3.45010e-06

           Step           Time
           6500       13.00000

   Energies (kJ/mol)
           Bond          Angle            U-B    Proper Dih.  Improper Dih.
    2.00592e+03    8.55382e+01    4.74095e+03    5.67738e+03    2.80443e+02
      CMAP Dih.          LJ-14     Coulomb-14        LJ (SR)   Coulomb (SR)
   -2.34221e+02    1.46380e+03    2.55609e+04    3.82410e+04   -4.69852e+05
   Coul. recip. Position Rest.      Potential    Kinetic En.   Total Energy
    1.48022e+03    1.01180e+03   -3.89538e+05    7.82111e+04   -3.11327e+05
  Conserved En.    Temperature Pressure (bar)   Constr. rmsd
   -3.84114e+05    3.01441e+02   -9.11033e+02    3.07277e-06

           Step           Time
           7000       14.00000

   Energies (kJ/mol)
           Bond          Angle            U-B    Proper Dih.  Improper Dih.
    1.85542e+03    9.47731e+01    4.86957e+03    5.68002e+03    3.01945e+02
      CMAP Dih.          LJ-14     Coulomb-14        LJ (SR)   Coulomb (SR)
   -2.29241e+02    1.52959e+03    2.56509e+04    3.81042e+04   -4.68990e+05
   Coul. recip. Position Rest.      Potential    Kinetic En.   Total Energy
    1.52684e+03    9.49302e+02   -3.88656e+05    7.76704e+04   -3.10986e+05
  Conserved En.    Temperature Pressure (bar)   Constr. rmsd
   -3.84104e+05    2.99357e+02   -7.02570e+02    3.07472e-06

           Step           Time
           7500       15.00000

   Energies (kJ/mol)
           Bond          Angle            U-B    Proper Dih.  Improper Dih.
    1.83896e+03    1.03119e+02    4.82540e+03    5.57341e+03    2.68875e+02
      CMAP Dih.          LJ-14     Coulomb-14        LJ (SR)   Coulomb (SR)
   -2.10447e+02    1.49871e+03    2.56210e+04    3.79028e+04   -4.69598e+05
   Coul. recip. Position Rest.      Potential    Kinetic En.   Total Energy
    1.49485e+03    1.00097e+03   -3.89680e+05    7.80464e+04   -3.11634e+05
  Conserved En.    Temperature Pressure (bar)   Constr. rmsd
   -3.84120e+05    3.00807e+02   -6.46313e+02    2.94563e-06

           Step           Time
           8000       16.00000

   Energies (kJ/mol)
           Bond          Angle            U-B    Proper Dih.  Improper Dih.
    1.90541e+03    7.95094e+01    4.66161e+03    5.63081e+03    3.06983e+02
      CMAP Dih.          LJ-14     Coulomb-14        LJ (SR)   Coulomb (SR)
   -2.30082e+02    1.48340e+03    2.57124e+04    3.75793e+04   -4.69735e+05
   Coul. recip. Position Rest.      Potential    Kinetic En.   Total Energy
    1.55017e+03    9.66193e+02   -3.90089e+05    7.81595e+04   -3.11930e+05
  Conserved En.    Temperature Pressure (bar)   Constr. rmsd
   -3.84114e+05    3.01243e+02   -1.09905e+03    3.02190e-06

           Step           Time
           8500       17.00000

   Energies (kJ/mol)
           Bond          Angle            U-B    Proper Dih.  Improper Dih.
    1.73255e+03    9.23899e+01    4.82941e+03    5.61097e+03    3.07164e+02
      CMAP Dih.          LJ-14     Coulomb-14        LJ (SR)   Coulomb (SR)
   -2.38733e+02    1.51862e+03    2.57622e+04    3.65090e+04   -4.68197e+05
   Coul. recip. Position Rest.      Potential    Kinetic En.   Total Energy
    1.46911e+03    1.02370e+03   -3.89581e+05    7.73440e+04   -3.12237e+05
  Conserved En.    Temperature Pressure (bar)   Constr. rmsd
   -3.84095e+05    2.98099e+02   -1.18466e+03    2.99298e-06

           Step           Time
           9000       18.00000

   Energies (kJ/mol)
           Bond          Angle            U-B    Proper Dih.  Improper Dih.
    1.61133e+03    9.56204e+01    4.81523e+03    5.69070e+03    2.89905e+02
      CMAP Dih.          LJ-14     Coulomb-14        LJ (SR)   Coulomb (SR)
   -2.37043e+02    1.55236e+03    2.57796e+04    3.90418e+04   -4.71280e+05
   Coul. recip. Position Rest.      Potential    Kinetic En.   Total Energy
    1.49908e+03    1.00787e+03   -3.90133e+05    7.70808e+04   -3.13053e+05
  Conserved En.    Temperature Pressure (bar)   Constr. rmsd
   -3.84091e+05    2.97085e+02   -6.83596e+02    2.94838e-06

           Step           Time
           9500       19.00000

   Energies (kJ/mol)
           Bond          Angle            U-B    Proper Dih.  Improper Dih.
    1.87603e+03    8.83153e+01    4.85494e+03    5.62668e+03    2.50728e+02
      CMAP Dih.          LJ-14     Coulomb-14        LJ (SR)   Coulomb (SR)
   -2.01338e+02    1.58114e+03    2.58275e+04    3.78525e+04   -4.69881e+05
   Coul. recip. Position Rest.      Potential    Kinetic En.   Total Energy
    1.48955e+03    9.79616e+02   -3.89655e+05    7.81641e+04   -3.11491e+05
  Conserved En.    Temperature Pressure (bar)   Constr. rmsd
   -3.84099e+05    3.01261e+02   -9.06818e+02    2.77123e-06

           Step           Time
          10000       20.00000

   Energies (kJ/mol)
           Bond          Angle            U-B    Proper Dih.  Improper Dih.
    1.67464e+03    8.86397e+01    4.94040e+03    5.59740e+03    2.52848e+02
      CMAP Dih.          LJ-14     Coulomb-14        LJ (SR)   Coulomb (SR)
   -2.21802e+02    1.53897e+03    2.56818e+04    3.76282e+04   -4.69146e+05
   Coul. recip. Position Rest.      Potential    Kinetic En.   Total Energy
    1.47892e+03    9.86014e+02   -3.89499e+05    7.73508e+04   -3.12149e+05
  Conserved En.    Temperature Pressure (bar)   Constr. rmsd
   -3.84096e+05    2.98126e+02   -5.83976e+02    2.85827e-06

           Step           Time
          10500       21.00000

   Energies (kJ/mol)
           Bond          Angle            U-B    Proper Dih.  Improper Dih.
    1.81677e+03    1.03646e+02    5.09049e+03    5.60066e+03    2.59884e+02
      CMAP Dih.          LJ-14     Coulomb-14        LJ (SR)   Coulomb (SR)
   -2.11507e+02    1.50876e+03    2.55953e+04    3.75780e+04   -4.68859e+05
   Coul. recip. Position Rest.      Potential    Kinetic En.   Total Energy
    1.52314e+03    9.63033e+02   -3.89031e+05    7.77237e+04   -3.11307e+05
  Conserved En.    Temperature Pressure (bar)   Constr. rmsd
   -3.84078e+05    2.99563e+02   -8.60093e+02    2.95727e-06

           Step           Time
          11000       22.00000

   Energies (kJ/mol)
           Bond          Angle            U-B    Proper Dih.  Improper Dih.
    1.72511e+03    9.52978e+01    4.78427e+03    5.64944e+03    3.15408e+02
      CMAP Dih.          LJ-14     Coulomb-14        LJ (SR)   Coulomb (SR)
   -1.97647e+02    1.53349e+03    2.58613e+04    3.77884e+04   -4.70462e+05
   Coul. recip. Position Rest.      Potential    Kinetic En.   Total Energy
    1.45735e+03    9.40685e+02   -3.90509e+05    7.79592e+04   -3.12549e+05
  Conserved En.    Temperature Pressure (bar)   Constr. rmsd
   -3.84089e+05    3.00471e+02   -6.74411e+02    3.22567e-06

           Step           Time
          11500       23.00000

   Energies (kJ/mol)
           Bond          Angle            U-B    Proper Dih.  Improper Dih.
    1.72264e+03    7.99982e+01    4.91244e+03    5.61602e+03    3.09578e+02
      CMAP Dih.          LJ-14     Coulomb-14        LJ (SR)   Coulomb (SR)
   -2.28786e+02    1.53800e+03    2.56066e+04    3.81099e+04   -4.70005e+05
   Coul. recip. Position Rest.      Potential    Kinetic En.   Total Energy
    1.44483e+03    9.53599e+02   -3.89940e+05    7.70501e+04   -3.12890e+05
  Conserved En.    Temperature Pressure (bar)   Constr. rmsd
   -3.84073e+05    2.96967e+02   -5.04357e+02    2.98884e-06

           Step           Time
          12000       24.00000

   Energies (kJ/mol)
           Bond          Angle            U-B    Proper Dih.  Improper Dih.
    1.71074e+03    1.21170e+02    4.88304e+03    5.68163e+03    2.96554e+02
      CMAP Dih.          LJ-14     Coulomb-14        LJ (SR)   Coulomb (SR)
   -2.23584e+02    1.52934e+03    2.57621e+04    3.70822e+04   -4.68951e+05
   Coul. recip. Position Rest.      Potential    Kinetic En.   Total Energy
    1.51185e+03    9.56313e+02   -3.89640e+05    7.78767e+04   -3.11763e+05
  Conserved En.    Temperature Pressure (bar)   Constr. rmsd
   -3.84084e+05    3.00153e+02   -1.14112e+03    2.66950e-06

           Step           Time
          12500       25.00000

   Energies (kJ/mol)
           Bond          Angle            U-B    Proper Dih.  Improper Dih.
    1.72086e+03    6.87077e+01    4.75194e+03    5.60730e+03    2.60928e+02
      CMAP Dih.          LJ-14     Coulomb-14        LJ (SR)   Coulomb (SR)
   -2.38498e+02    1.60643e+03    2.56591e+04    3.75085e+04   -4.69121e+05
   Coul. recip. Position Rest.      Potential    Kinetic En.   Total Energy
    1.48257e+03    9.73630e+02   -3.89719e+05    7.75055e+04   -3.12214e+05
  Conserved En.    Temperature Pressure (bar)   Constr. rmsd
   -3.84090e+05    2.98722e+02   -7.54844e+02    3.02059e-06

           Step           Time
          13000       26.00000

   Energies (kJ/mol)
           Bond          Angle            U-B    Proper Dih.  Improper Dih.
    1.77962e+03    1.01439e+02    4.77045e+03    5.59006e+03    2.67789e+02
      CMAP Dih.          LJ-14     Coulomb-14        LJ (SR)   Coulomb (SR)
   -2.42589e+02    1.59568e+03    2.55742e+04    3.81640e+04   -4.70787e+05
   Coul. recip. Position Rest.      Potential    Kinetic En.   Total Energy
    1.47339e+03    9.98951e+02   -3.90714e+05    7.78386e+04   -3.12876e+05
  Conserved En.    Temperature Pressure (bar)   Constr. rmsd
   -3.84065e+05    3.00006e+02   -8.71439e+02    3.14942e-06

           Step           Time
          13500       27.00000

   Energies (kJ/mol)
           Bond          Angle            U-B    Proper Dih.  Improper Dih.
    1.72703e+03    5.05484e+01    4.83665e+03    5.63399e+03    2.47145e+02
      CMAP Dih.          LJ-14     Coulomb-14        LJ (SR)   Coulomb (SR)
   -2.27277e+02    1.54318e+03    2.57833e+04    3.73938e+04   -4.70782e+05
   Coul. recip. Position Rest.      Potential    Kinetic En.   Total Energy
    1.47543e+03    1.03869e+03   -3.91280e+05    7.76623e+04   -3.13617e+05
  Conserved En.    Temperature Pressure (bar)   Constr. rmsd
   -3.84069e+05    2.99326e+02   -1.13913e+03    3.18110e-06

           Step           Time
          14000       28.00000

   Energies (kJ/mol)
           Bond          Angle            U-B    Proper Dih.  Improper Dih.
    1.82335e+03    9.47300e+01    5.02491e+03    5.63671e+03    2.97959e+02
      CMAP Dih.          LJ-14     Coulomb-14        LJ (SR)   Coulomb (SR)
   -2.30204e+02    1.51717e+03    2.57771e+04    3.89920e+04   -4.70891e+05
   Coul. recip. Position Rest.      Potential    Kinetic En.   Total Energy
    1.54401e+03    1.00311e+03   -3.89410e+05    7.78998e+04   -3.11510e+05
  Conserved En.    Temperature Pressure (bar)   Constr. rmsd
   -3.84044e+05    3.00242e+02   -5.62200e+02    3.47043e-06

           Step           Time
          14500       29.00000

   Energies (kJ/mol)
           Bond          Angle            U-B    Proper Dih.  Improper Dih.
    1.79889e+03    9.32515e+01    4.83833e+03    5.65960e+03    2.64833e+02
      CMAP Dih.          LJ-14     Coulomb-14        LJ (SR)   Coulomb (SR)
   -2.23591e+02    1.47576e+03    2.57430e+04    3.79063e+04   -4.70392e+05
   Coul. recip. Position Rest.      Potential    Kinetic En.   Total Energy
    1.51634e+03    1.00959e+03   -3.90309e+05    7.79688e+04   -3.12341e+05
  Conserved En.    Temperature Pressure (bar)   Constr. rmsd
   -3.84057e+05    3.00508e+02   -7.52822e+02    2.75907e-06

           Step           Time
          15000       30.00000

   Energies (kJ/mol)
           Bond          Angle            U-B    Proper Dih.  Improper Dih.
    1.75223e+03    1.06585e+02    4.82185e+03    5.63349e+03    3.08816e+02
      CMAP Dih.          LJ-14     Coulomb-14        LJ (SR)   Coulomb (SR)
   -1.66997e+02    1.51107e+03    2.56904e+04    3.71184e+04   -4.69465e+05
   Coul. recip. Position Rest.      Potential    Kinetic En.   Total Energy
    1.48054e+03    9.74868e+02   -3.90234e+05    7.75705e+04   -3.12663e+05
  Conserved En.    Temperature Pressure (bar)   Constr. rmsd
   -3.84040e+05    2.98972e+02   -1.25410e+03    2.92243e-06

           Step           Time
          15500       31.00000

   Energies (kJ/mol)
           Bond          Angle            U-B    Proper Dih.  Improper Dih.
    1.85844e+03    8.90237e+01    4.85648e+03    5.56827e+03    2.61602e+02
      CMAP Dih.          LJ-14     Coulomb-14        LJ (SR)   Coulomb (SR)
   -2.14047e+02    1.46765e+03    2.55555e+04    3.83715e+04   -4.70965e+05
   Coul. recip. Position Rest.      Potential    Kinetic En.   Total Energy
    1.53370e+03    9.45275e+02   -3.90672e+05    7.71155e+04   -3.13556e+05
  Conserved En.    Temperature Pressure (bar)   Constr. rmsd
   -3.84054e+05    2.97219e+02   -9.52349e+02    3.27242e-06

           Step           Time
          16000       32.00000

   Energies (kJ/mol)
           Bond          Angle            U-B    Proper Dih.  Improper Dih.
    1.79507e+03    8.77812e+01    4.82060e+03    5.69514e+03    2.50875e+02
      CMAP Dih.          LJ-14     Coulomb-14        LJ (SR)   Coulomb (SR)
   -2.42946e+02    1.53133e+03    2.57006e+04    3.70856e+04   -4.69064e+05
   Coul. recip. Position Rest.      Potential    Kinetic En.   Total Energy
    1.46024e+03    9.42402e+02   -3.89937e+05    7.70508e+04   -3.12886e+05
  Conserved En.    Temperature Pressure (bar)   Constr. rmsd
   -3.84042e+05    2.96969e+02   -8.87356e+02    2.98559e-06

           Step           Time
          16500       33.00000

   Energies (kJ/mol)
           Bond          Angle            U-B    Proper Dih.  Improper Dih.
    1.85191e+03    9.49839e+01    4.76396e+03    5.64283e+03    2.27305e+02
      CMAP Dih.          LJ-14     Coulomb-14        LJ (SR)   Coulomb (SR)
   -2.16318e+02    1.49940e+03    2.58009e+04    3.78339e+04   -4.70852e+05
   Coul. recip. Position Rest.      Potential    Kinetic En.   Total Energy
    1.49066e+03    9.04351e+02   -3.90958e+05    7.72590e+04   -3.13699e+05
  Conserved En.    Temperature Pressure (bar)   Constr. rmsd
   -3.84040e+05    2.97772e+02   -7.84122e+02    3.07053e-06

           Step           Time
          17000       34.00000

   Energies (kJ/mol)
           Bond          Angle            U-B    Proper Dih.  Improper Dih.
    1.79534e+03    8.42016e+01    4.77571e+03    5.60471e+03    2.46058e+02
      CMAP Dih.          LJ-14     Coulomb-14        LJ (SR)   Coulomb (SR)
   -2.14322e+02    1.56092e+03    2.58908e+04    3.86329e+04   -4.71371e+05
   Coul. recip. Position Rest.      Potential    Kinetic En.   Total Energy
    1.51074e+03    9.08718e+02   -3.90575e+05    7.78102e+04   -3.12765e+05
  Conserved En.    Temperature Pressure (bar)   Constr. rmsd
   -3.84044e+05    2.99896e+02   -8.19214e+02    3.31261e-06

           Step           Time
          17500       35.00000

   Energies (kJ/mol)
           Bond          Angle            U-B    Proper Dih.  Improper Dih.
    1.73165e+03    7.77751e+01    4.88946e+03    5.72016e+03    2.94780e+02
      CMAP Dih.          LJ-14     Coulomb-14        LJ (SR)   Coulomb (SR)
   -1.98135e+02    1.52640e+03    2.56853e+04    3.75221e+04   -4.69577e+05
   Coul. recip. Position Rest.      Potential    Kinetic En.   Total Energy
    1.50070e+03    9.94645e+02   -3.89832e+05    7.80195e+04   -3.11812e+05
  Conserved En.    Temperature Pressure (bar)   Constr. rmsd
   -3.84050e+05    3.00703e+02   -8.58841e+02    3.08855e-06

           Step           Time
          18000       36.00000

   Energies (kJ/mol)
           Bond          Angle            U-B    Proper Dih.  Improper Dih.
    1.81618e+03    7.41947e+01    5.04327e+03    5.64338e+03    3.07375e+02
      CMAP Dih.          LJ-14     Coulomb-14        LJ (SR)   Coulomb (SR)
   -2.32007e+02    1.55979e+03    2.57634e+04    3.94800e+04   -4.71814e+05
   Coul. recip. Position Rest.      Potential    Kinetic En.   Total Energy
    1.48718e+03    1.03935e+03   -3.89832e+05    7.89424e+04   -3.10890e+05
  Conserved En.    Temperature Pressure (bar)   Constr. rmsd
   -3.84021e+05    3.04260e+02   -8.32427e+02    3.01164e-06

           Step           Time
          18500       37.00000

   Energies (kJ/mol)
           Bond          Angle            U-B    Proper Dih.  Improper Dih.
    1.75875e+03    8.02306e+01    4.71834e+03    5.69254e+03    2.99122e+02
      CMAP Dih.          LJ-14     Coulomb-14        LJ (SR)   Coulomb (SR)
   -2.13211e+02    1.50457e+03    2.56714e+04    3.75315e+04   -4.71003e+05
   Coul. recip. Position Rest.      Potential    Kinetic En.   Total Energy
    1.45618e+03    9.29918e+02   -3.91574e+05    7.70471e+04   -3.14527e+05
  Conserved En.    Temperature Pressure (bar)   Constr. rmsd
   -3.84025e+05    2.96955e+02   -9.24142e+02    3.08257e-06

           Step           Time
          19000       38.00000

   Energies (kJ/mol)
           Bond          Angle            U-B    Proper Dih.  Improper Dih.
    1.82831e+03    9.64492e+01    5.05409e+03    5.59594e+03    3.24432e+02
      CMAP Dih.          LJ-14     Coulomb-14        LJ (SR)   Coulomb (SR)
   -2.08042e+02    1.51932e+03    2.56814e+04    3.69707e+04   -4.68297e+05
   Coul. recip. Position Rest.      Potential    Kinetic En.   Total Energy
    1.48529e+03    9.60353e+02   -3.88989e+05    7.83818e+04   -3.10607e+05
  Conserved En.    Temperature Pressure (bar)   Constr. rmsd
   -3.84042e+05    3.02099e+02   -1.03405e+03    3.05096e-06

           Step           Time
          19500       39.00000

   Energies (kJ/mol)
           Bond          Angle            U-B    Proper Dih.  Improper Dih.
    1.68626e+03    9.08050e+01    4.87041e+03    5.60676e+03    2.77044e+02
      CMAP Dih.          LJ-14     Coulomb-14        LJ (SR)   Coulomb (SR)
   -2.30194e+02    1.50166e+03    2.56888e+04    3.75154e+04   -4.69331e+05
   Coul. recip. Position Rest.      Potential    Kinetic En.   Total Energy
    1.48472e+03    1.00455e+03   -3.89835e+05    7.74509e+04   -3.12384e+05
  Conserved En.    Temperature Pressure (bar)   Constr. rmsd
   -3.84023e+05    2.98512e+02   -7.51309e+02    3.16384e-06

           Step           Time
          20000       40.00000

   Energies (kJ/mol)
           Bond          Angle            U-B    Proper Dih.  Improper Dih.
    1.82043e+03    9.83974e+01    4.86002e+03    5.56735e+03    2.94504e+02
      CMAP Dih.          LJ-14     Coulomb-14        LJ (SR)   Coulomb (SR)
   -2.04115e+02    1.48630e+03    2.58350e+04    3.71723e+04   -4.69216e+05
   Coul. recip. Position Rest.      Potential    Kinetic En.   Total Energy
    1.46556e+03    9.73837e+02   -3.89847e+05    7.82798e+04   -3.11567e+05
  Conserved En.    Temperature Pressure (bar)   Constr. rmsd
   -3.84022e+05    3.01706e+02   -9.79103e+02    2.90318e-06

           Step           Time
          20500       41.00000

   Energies (kJ/mol)
           Bond          Angle            U-B    Proper Dih.  Improper Dih.
    1.70900e+03    7.77829e+01    4.76413e+03    5.60774e+03    3.17666e+02
      CMAP Dih.          LJ-14     Coulomb-14        LJ (SR)   Coulomb (SR)
   -2.25238e+02    1.57598e+03    2.58663e+04    3.80672e+04   -4.69613e+05
   Coul. recip. Position Rest.      Potential    Kinetic En.   Total Energy
    1.57364e+03    1.04607e+03   -3.89233e+05    7.72878e+04   -3.11945e+05
  Conserved En.    Temperature Pressure (bar)   Constr. rmsd
   -3.84019e+05    2.97883e+02   -3.38632e+02    2.81355e-06

           Step           Time
          21000       42.00000

   Energies (kJ/mol)
           Bond          Angle            U-B    Proper Dih.  Improper Dih.
    1.82046e+03    9.59995e+01    4.87974e+03    5.69353e+03    3.41799e+02
      CMAP Dih.          LJ-14     Coulomb-14        LJ (SR)   Coulomb (SR)
   -2.25903e+02    1.47715e+03    2.57983e+04    3.70354e+04   -4.68787e+05
   Coul. recip. Position Rest.      Potential    Kinetic En.   Total Energy
    1.47186e+03    1.06172e+03   -3.89337e+05    7.74186e+04   -3.11918e+05
  Conserved En.    Temperature Pressure (bar)   Constr. rmsd
   -3.83999e+05    2.98387e+02   -9.18641e+02    2.92805e-06

Writing checkpoint, step 21280 at Mon Oct 14 01:26:43 2024


           Step           Time
          21500       43.00000

   Energies (kJ/mol)
           Bond          Angle            U-B    Proper Dih.  Improper Dih.
    1.86593e+03    9.17369e+01    4.95113e+03    5.71136e+03    3.15358e+02
      CMAP Dih.          LJ-14     Coulomb-14        LJ (SR)   Coulomb (SR)
   -2.22727e+02    1.50231e+03    2.55407e+04    3.58611e+04   -4.67398e+05
   Coul. recip. Position Rest.      Potential    Kinetic En.   Total Energy
    1.49343e+03    1.02531e+03   -3.89263e+05    7.80265e+04   -3.11236e+05
  Conserved En.    Temperature Pressure (bar)   Constr. rmsd
   -3.84014e+05    3.00730e+02   -1.48625e+03    2.71454e-06

           Step           Time
          22000       44.00000

   Energies (kJ/mol)
           Bond          Angle            U-B    Proper Dih.  Improper Dih.
    1.90972e+03    1.10990e+02    4.87869e+03    5.54481e+03    2.48009e+02
      CMAP Dih.          LJ-14     Coulomb-14        LJ (SR)   Coulomb (SR)
   -2.39411e+02    1.48508e+03    2.55705e+04    3.69555e+04   -4.69229e+05
   Coul. recip. Position Rest.      Potential    Kinetic En.   Total Energy
    1.46540e+03    1.06336e+03   -3.90237e+05    7.80981e+04   -3.12138e+05
  Conserved En.    Temperature Pressure (bar)   Constr. rmsd
   -3.83998e+05    3.01006e+02   -1.10342e+03    3.34747e-06

           Step           Time
          22500       45.00000

   Energies (kJ/mol)
           Bond          Angle            U-B    Proper Dih.  Improper Dih.
    1.82654e+03    9.71493e+01    4.87514e+03    5.69433e+03    2.62752e+02
      CMAP Dih.          LJ-14     Coulomb-14        LJ (SR)   Coulomb (SR)
   -2.34768e+02    1.55155e+03    2.59157e+04    3.70139e+04   -4.69059e+05
   Coul. recip. Position Rest.      Potential    Kinetic En.   Total Energy
    1.51032e+03    9.89007e+02   -3.89558e+05    7.74375e+04   -3.12120e+05
  Conserved En.    Temperature Pressure (bar)   Constr. rmsd
   -3.84007e+05    2.98460e+02   -4.47078e+02    3.22808e-06

           Step           Time
          23000       46.00000

   Energies (kJ/mol)
           Bond          Angle            U-B    Proper Dih.  Improper Dih.
    1.83638e+03    9.41320e+01    5.03633e+03    5.74339e+03    2.74158e+02
      CMAP Dih.          LJ-14     Coulomb-14        LJ (SR)   Coulomb (SR)
   -2.48910e+02    1.53006e+03    2.55534e+04    3.72014e+04   -4.69060e+05
   Coul. recip. Position Rest.      Potential    Kinetic En.   Total Energy
    1.47687e+03    9.85776e+02   -3.89577e+05    7.76025e+04   -3.11975e+05
  Conserved En.    Temperature Pressure (bar)   Constr. rmsd
   -3.83994e+05    2.99096e+02   -9.82513e+02    3.00648e-06

           Step           Time
          23500       47.00000

   Energies (kJ/mol)
           Bond          Angle            U-B    Proper Dih.  Improper Dih.
    1.82223e+03    7.83932e+01    4.95297e+03    5.72206e+03    3.04690e+02
      CMAP Dih.          LJ-14     Coulomb-14        LJ (SR)   Coulomb (SR)
   -2.56276e+02    1.53186e+03    2.56769e+04    3.72648e+04   -4.69362e+05
   Coul. recip. Position Rest.      Potential    Kinetic En.   Total Energy
    1.44717e+03    9.79207e+02   -3.89838e+05    7.79385e+04   -3.11900e+05
  Conserved En.    Temperature Pressure (bar)   Constr. rmsd
   -3.84007e+05    3.00391e+02   -9.77832e+02    2.80263e-06

           Step           Time
          24000       48.00000

   Energies (kJ/mol)
           Bond          Angle            U-B    Proper Dih.  Improper Dih.
    1.80139e+03    8.67688e+01    5.07986e+03    5.63018e+03    3.45083e+02
      CMAP Dih.          LJ-14     Coulomb-14        LJ (SR)   Coulomb (SR)
   -2.28733e+02    1.51300e+03    2.55668e+04    3.75600e+04   -4.69236e+05
   Coul. recip. Position Rest.      Potential    Kinetic En.   Total Energy
    1.51908e+03    9.49137e+02   -3.89414e+05    7.81246e+04   -3.11289e+05
  Conserved En.    Temperature Pressure (bar)   Constr. rmsd
   -3.83976e+05    3.01108e+02   -7.47233e+02    2.76841e-06

           Step           Time
          24500       49.00000

   Energies (kJ/mol)
           Bond          Angle            U-B    Proper Dih.  Improper Dih.
    1.84565e+03    7.06227e+01    4.84934e+03    5.73353e+03    2.73159e+02
      CMAP Dih.          LJ-14     Coulomb-14        LJ (SR)   Coulomb (SR)
   -2.49661e+02    1.54103e+03    2.55127e+04    3.81085e+04   -4.69827e+05
   Coul. recip. Position Rest.      Potential    Kinetic En.   Total Energy
    1.52297e+03    8.97832e+02   -3.89721e+05    7.74245e+04   -3.12296e+05
  Conserved En.    Temperature Pressure (bar)   Constr. rmsd
   -3.83998e+05    2.98410e+02   -8.57107e+02    2.87393e-06

           Step           Time
          25000       50.00000

   Energies (kJ/mol)
           Bond          Angle            U-B    Proper Dih.  Improper Dih.
    1.89933e+03    1.04391e+02    4.76676e+03    5.62402e+03    2.77247e+02
      CMAP Dih.          LJ-14     Coulomb-14        LJ (SR)   Coulomb (SR)
   -2.34959e+02    1.51079e+03    2.56420e+04    3.88533e+04   -4.70054e+05
   Coul. recip. Position Rest.      Potential    Kinetic En.   Total Energy
    1.44184e+03    9.97091e+02   -3.89172e+05    7.74483e+04   -3.11724e+05
  Conserved En.    Temperature Pressure (bar)   Constr. rmsd
   -3.83982e+05    2.98501e+02   -7.24255e+02    2.89770e-06

           Step           Time
          25500       51.00000

   Energies (kJ/mol)
           Bond          Angle            U-B    Proper Dih.  Improper Dih.
    1.91053e+03    9.66902e+01    4.99981e+03    5.62591e+03    2.34311e+02
      CMAP Dih.          LJ-14     Coulomb-14        LJ (SR)   Coulomb (SR)
   -2.13647e+02    1.48196e+03    2.56095e+04    3.75878e+04   -4.69378e+05
   Coul. recip. Position Rest.      Potential    Kinetic En.   Total Energy
    1.53477e+03    1.00075e+03   -3.89509e+05    7.84556e+04   -3.11054e+05
  Conserved En.    Temperature Pressure (bar)   Constr. rmsd
   -3.83981e+05    3.02384e+02   -1.44677e+03    2.91853e-06

           Step           Time
          26000       52.00000

   Energies (kJ/mol)
           Bond          Angle            U-B    Proper Dih.  Improper Dih.
    1.86780e+03    1.10086e+02    4.87207e+03    5.62935e+03    3.17100e+02
      CMAP Dih.          LJ-14     Coulomb-14        LJ (SR)   Coulomb (SR)
   -2.36209e+02    1.55200e+03    2.57716e+04    3.78497e+04   -4.69851e+05
   Coul. recip. Position Rest.      Potential    Kinetic En.   Total Energy
    1.49980e+03    9.50711e+02   -3.89667e+05    7.85745e+04   -3.11093e+05
  Conserved En.    Temperature Pressure (bar)   Constr. rmsd
   -3.83971e+05    3.02842e+02   -1.22418e+03    3.30969e-06

           Step           Time
          26500       53.00000

   Energies (kJ/mol)
           Bond          Angle            U-B    Proper Dih.  Improper Dih.
    1.86583e+03    1.05478e+02    4.86660e+03    5.56269e+03    2.57359e+02
      CMAP Dih.          LJ-14     Coulomb-14        LJ (SR)   Coulomb (SR)
   -2.01134e+02    1.46689e+03    2.56743e+04    3.64490e+04   -4.68459e+05
   Coul. recip. Position Rest.      Potential    Kinetic En.   Total Energy
    1.52659e+03    9.47638e+02   -3.89938e+05    7.74987e+04   -3.12439e+05
  Conserved En.    Temperature Pressure (bar)   Constr. rmsd
   -3.83993e+05    2.98696e+02   -1.38064e+03    3.16658e-06

           Step           Time
          27000       54.00000

   Energies (kJ/mol)
           Bond          Angle            U-B    Proper Dih.  Improper Dih.
    1.90427e+03    1.08792e+02    4.89470e+03    5.69592e+03    2.91327e+02
      CMAP Dih.          LJ-14     Coulomb-14        LJ (SR)   Coulomb (SR)
   -2.02935e+02    1.47957e+03    2.57019e+04    3.72016e+04   -4.69398e+05
   Coul. recip. Position Rest.      Potential    Kinetic En.   Total Energy
    1.53862e+03    9.35546e+02   -3.89848e+05    7.77240e+04   -3.12124e+05
  Conserved En.    Temperature Pressure (bar)   Constr. rmsd
   -3.83961e+05    2.99564e+02   -1.24676e+03    3.12456e-06

           Step           Time
          27500       55.00000

   Energies (kJ/mol)
           Bond          Angle            U-B    Proper Dih.  Improper Dih.
    1.88238e+03    8.83733e+01    4.73039e+03    5.70894e+03    2.58542e+02
      CMAP Dih.          LJ-14     Coulomb-14        LJ (SR)   Coulomb (SR)
   -2.18345e+02    1.58691e+03    2.57066e+04    3.70602e+04   -4.68739e+05
   Coul. recip. Position Rest.      Potential    Kinetic En.   Total Energy
    1.47235e+03    9.53543e+02   -3.89509e+05    7.88706e+04   -3.10638e+05
  Conserved En.    Temperature Pressure (bar)   Constr. rmsd
   -3.83985e+05    3.03983e+02   -1.20790e+03    3.04479e-06

           Step           Time
          28000       56.00000

   Energies (kJ/mol)
           Bond          Angle            U-B    Proper Dih.  Improper Dih.
    1.91445e+03    8.07787e+01    4.84376e+03    5.59637e+03    2.96349e+02
      CMAP Dih.          LJ-14     Coulomb-14        LJ (SR)   Coulomb (SR)
   -2.17827e+02    1.57794e+03    2.58241e+04    3.69752e+04   -4.68388e+05
   Coul. recip. Position Rest.      Potential    Kinetic En.   Total Energy
    1.48135e+03    9.40793e+02   -3.89074e+05    7.76450e+04   -3.11429e+05
  Conserved En.    Temperature Pressure (bar)   Constr. rmsd
   -3.83959e+05    2.99260e+02   -9.96517e+02    3.34143e-06

           Step           Time
          28500       57.00000

   Energies (kJ/mol)
           Bond          Angle            U-B    Proper Dih.  Improper Dih.
    1.69604e+03    1.09184e+02    4.85282e+03    5.67094e+03    2.50636e+02
      CMAP Dih.          LJ-14     Coulomb-14        LJ (SR)   Coulomb (SR)
   -2.00497e+02    1.54122e+03    2.58565e+04    3.75934e+04   -4.70451e+05
   Coul. recip. Position Rest.      Potential    Kinetic En.   Total Energy
    1.55251e+03    9.49098e+02   -3.90579e+05    7.75394e+04   -3.13039e+05
  Conserved En.    Temperature Pressure (bar)   Constr. rmsd
   -3.83953e+05    2.98853e+02   -8.82580e+02    2.87392e-06

           Step           Time
          29000       58.00000

   Energies (kJ/mol)
           Bond          Angle            U-B    Proper Dih.  Improper Dih.
    1.77370e+03    1.00372e+02    4.88926e+03    5.59023e+03    2.71203e+02
      CMAP Dih.          LJ-14     Coulomb-14        LJ (SR)   Coulomb (SR)
   -1.98328e+02    1.49253e+03    2.55804e+04    3.74763e+04   -4.69572e+05
   Coul. recip. Position Rest.      Potential    Kinetic En.   Total Energy
    1.47073e+03    9.63115e+02   -3.90163e+05    7.76020e+04   -3.12561e+05
  Conserved En.    Temperature Pressure (bar)   Constr. rmsd
   -3.83962e+05    2.99094e+02   -6.20526e+02    2.96898e-06

           Step           Time
          29500       59.00000

   Energies (kJ/mol)
           Bond          Angle            U-B    Proper Dih.  Improper Dih.
    1.90448e+03    1.28631e+02    4.92939e+03    5.67588e+03    3.24755e+02
      CMAP Dih.          LJ-14     Coulomb-14        LJ (SR)   Coulomb (SR)
   -2.28869e+02    1.48340e+03    2.55707e+04    3.71453e+04   -4.68709e+05
   Coul. recip. Position Rest.      Potential    Kinetic En.   Total Energy
    1.53155e+03    1.01784e+03   -3.89226e+05    7.87006e+04   -3.10526e+05
  Conserved En.    Temperature Pressure (bar)   Constr. rmsd
   -3.83950e+05    3.03328e+02   -6.56151e+02    3.19664e-06

           Step           Time
          30000       60.00000

   Energies (kJ/mol)
           Bond          Angle            U-B    Proper Dih.  Improper Dih.
    1.79718e+03    9.83042e+01    4.87798e+03    5.66646e+03    3.10611e+02
      CMAP Dih.          LJ-14     Coulomb-14        LJ (SR)   Coulomb (SR)
   -2.18729e+02    1.54775e+03    2.58385e+04    3.79161e+04   -4.70101e+05
   Coul. recip. Position Rest.      Potential    Kinetic En.   Total Energy
    1.53365e+03    9.80327e+02   -3.89753e+05    7.81837e+04   -3.11569e+05
  Conserved En.    Temperature Pressure (bar)   Constr. rmsd
   -3.83932e+05    3.01336e+02   -6.44327e+02    2.88962e-06

           Step           Time
          30500       61.00000

   Energies (kJ/mol)
           Bond          Angle            U-B    Proper Dih.  Improper Dih.
    1.87113e+03    9.30135e+01    4.82172e+03    5.63875e+03    2.85543e+02
      CMAP Dih.          LJ-14     Coulomb-14        LJ (SR)   Coulomb (SR)
   -2.17687e+02    1.50248e+03    2.56071e+04    3.73161e+04   -4.68695e+05
   Coul. recip. Position Rest.      Potential    Kinetic En.   Total Energy
    1.45377e+03    9.28706e+02   -3.89394e+05    7.74608e+04   -3.11933e+05
  Conserved En.    Temperature Pressure (bar)   Constr. rmsd
   -3.83945e+05    2.98550e+02   -1.10965e+03    3.42537e-06

           Step           Time
          31000       62.00000

   Energies (kJ/mol)
           Bond          Angle            U-B    Proper Dih.  Improper Dih.
    1.91291e+03    8.77484e+01    5.02437e+03    5.63642e+03    2.69296e+02
      CMAP Dih.          LJ-14     Coulomb-14        LJ (SR)   Coulomb (SR)
   -2.26433e+02    1.52756e+03    2.55086e+04    3.71774e+04   -4.67232e+05
   Coul. recip. Position Rest.      Potential    Kinetic En.   Total Energy
    1.54106e+03    9.89336e+02   -3.87784e+05    7.77466e+04   -3.10037e+05
  Conserved En.    Temperature Pressure (bar)   Constr. rmsd
   -3.83926e+05    2.99651e+02   -8.89725e+02    3.19187e-06

           Step           Time
          31500       63.00000

   Energies (kJ/mol)
           Bond          Angle            U-B    Proper Dih.  Improper Dih.
    1.88253e+03    9.99898e+01    4.87504e+03    5.52650e+03    2.97144e+02
      CMAP Dih.          LJ-14     Coulomb-14        LJ (SR)   Coulomb (SR)
   -2.24838e+02    1.52162e+03    2.55437e+04    3.77700e+04   -4.70050e+05
   Coul. recip. Position Rest.      Potential    Kinetic En.   Total Energy
    1.48019e+03    9.67098e+02   -3.90311e+05    7.73059e+04   -3.13005e+05
  Conserved En.    Temperature Pressure (bar)   Constr. rmsd
   -3.83942e+05    2.97953e+02   -1.19517e+03    3.24964e-06

           Step           Time
          32000       64.00000

   Energies (kJ/mol)
           Bond          Angle            U-B    Proper Dih.  Improper Dih.
    1.76260e+03    1.03055e+02    4.79396e+03    5.61234e+03    2.88085e+02
      CMAP Dih.          LJ-14     Coulomb-14        LJ (SR)   Coulomb (SR)
   -1.99139e+02    1.55951e+03    2.58467e+04    3.78874e+04   -4.69861e+05
   Coul. recip. Position Rest.      Potential    Kinetic En.   Total Energy
    1.43808e+03    9.82555e+02   -3.89786e+05    7.74728e+04   -3.12313e+05
  Conserved En.    Temperature Pressure (bar)   Constr. rmsd
   -3.83935e+05    2.98596e+02   -7.83282e+02    3.00928e-06

           Step           Time
          32500       65.00000

   Energies (kJ/mol)
           Bond          Angle            U-B    Proper Dih.  Improper Dih.
    1.87300e+03    8.97662e+01    4.89319e+03    5.66579e+03    2.73076e+02
      CMAP Dih.          LJ-14     Coulomb-14        LJ (SR)   Coulomb (SR)
   -2.15363e+02    1.52969e+03    2.57302e+04    3.76670e+04   -4.69581e+05
   Coul. recip. Position Rest.      Potential    Kinetic En.   Total Energy
    1.48632e+03    9.51562e+02   -3.89637e+05    7.80377e+04   -3.11599e+05
  Conserved En.    Temperature Pressure (bar)   Constr. rmsd
   -3.83923e+05    3.00773e+02   -1.16294e+03    3.19099e-06

           Step           Time
          33000       66.00000

   Energies (kJ/mol)
           Bond          Angle            U-B    Proper Dih.  Improper Dih.
    1.72631e+03    9.78472e+01    4.74261e+03    5.64543e+03    3.08091e+02
      CMAP Dih.          LJ-14     Coulomb-14        LJ (SR)   Coulomb (SR)
   -1.98118e+02    1.56730e+03    2.56579e+04    3.79842e+04   -4.69144e+05
   Coul. recip. Position Rest.      Potential    Kinetic En.   Total Energy
    1.50733e+03    9.37864e+02   -3.89167e+05    7.76990e+04   -3.11468e+05
  Conserved En.    Temperature Pressure (bar)   Constr. rmsd
   -3.83942e+05    2.99468e+02   -6.18650e+02    3.28495e-06

           Step           Time
          33500       67.00000

   Energies (kJ/mol)
           Bond          Angle            U-B    Proper Dih.  Improper Dih.
    1.77824e+03    8.16050e+01    4.78963e+03    5.68505e+03    3.30951e+02
      CMAP Dih.          LJ-14     Coulomb-14        LJ (SR)   Coulomb (SR)
   -2.11242e+02    1.52572e+03    2.59041e+04    3.75370e+04   -4.67871e+05
   Coul. recip. Position Rest.      Potential    Kinetic En.   Total Energy
    1.49710e+03    9.85613e+02   -3.87967e+05    7.83420e+04   -3.09625e+05
  Conserved En.    Temperature Pressure (bar)   Constr. rmsd
   -3.83920e+05    3.01946e+02   -1.08988e+03    2.95906e-06

           Step           Time
          34000       68.00000

   Energies (kJ/mol)
           Bond          Angle            U-B    Proper Dih.  Improper Dih.
    1.78326e+03    1.22703e+02    4.73608e+03    5.61852e+03    3.10469e+02
      CMAP Dih.          LJ-14     Coulomb-14        LJ (SR)   Coulomb (SR)
   -2.47454e+02    1.48678e+03    2.57744e+04    3.77417e+04   -4.69842e+05
   Coul. recip. Position Rest.      Potential    Kinetic En.   Total Energy
    1.47180e+03    9.70735e+02   -3.90073e+05    7.70339e+04   -3.13039e+05
  Conserved En.    Temperature Pressure (bar)   Constr. rmsd
   -3.83920e+05    2.96904e+02   -1.07908e+03    2.92691e-06

           Step           Time
          34500       69.00000

   Energies (kJ/mol)
           Bond          Angle            U-B    Proper Dih.  Improper Dih.
    1.73817e+03    9.79666e+01    4.87138e+03    5.61816e+03    2.68957e+02
      CMAP Dih.          LJ-14     Coulomb-14        LJ (SR)   Coulomb (SR)
   -2.22859e+02    1.52744e+03    2.57601e+04    3.72240e+04   -4.69406e+05
   Coul. recip. Position Rest.      Potential    Kinetic En.   Total Energy
    1.50581e+03    9.84358e+02   -3.90032e+05    7.77652e+04   -3.12267e+05
  Conserved En.    Temperature Pressure (bar)   Constr. rmsd
   -3.83917e+05    2.99723e+02   -9.89975e+02    2.98008e-06

           Step           Time
          35000       70.00000

   Energies (kJ/mol)
           Bond          Angle            U-B    Proper Dih.  Improper Dih.
    1.86387e+03    9.17248e+01    4.92649e+03    5.57419e+03    2.69786e+02
      CMAP Dih.          LJ-14     Coulomb-14        LJ (SR)   Coulomb (SR)
   -1.93943e+02    1.51240e+03    2.56595e+04    3.70734e+04   -4.68116e+05
   Coul. recip. Position Rest.      Potential    Kinetic En.   Total Energy
    1.47411e+03    8.99649e+02   -3.88964e+05    7.74825e+04   -3.11482e+05
  Conserved En.    Temperature Pressure (bar)   Constr. rmsd
   -3.83908e+05    2.98633e+02   -9.41004e+02    3.28708e-06

           Step           Time
          35500       71.00000

   Energies (kJ/mol)
           Bond          Angle            U-B    Proper Dih.  Improper Dih.
    1.84297e+03    8.15884e+01    4.95211e+03    5.61832e+03    2.96955e+02
      CMAP Dih.          LJ-14     Coulomb-14        LJ (SR)   Coulomb (SR)
   -2.07935e+02    1.54512e+03    2.56087e+04    3.62115e+04   -4.66795e+05
   Coul. recip. Position Rest.      Potential    Kinetic En.   Total Energy
    1.51441e+03    9.26264e+02   -3.88405e+05    7.75642e+04   -3.10841e+05
  Conserved En.    Temperature Pressure (bar)   Constr. rmsd
   -3.83917e+05    2.98948e+02   -1.19722e+03    3.10150e-06

           Step           Time
          36000       72.00000

   Energies (kJ/mol)
           Bond          Angle            U-B    Proper Dih.  Improper Dih.
    1.95535e+03    1.00143e+02    4.88305e+03    5.64412e+03    3.26711e+02
      CMAP Dih.          LJ-14     Coulomb-14        LJ (SR)   Coulomb (SR)
   -2.59809e+02    1.49587e+03    2.55127e+04    3.73521e+04   -4.68844e+05
   Coul. recip. Position Rest.      Potential    Kinetic En.   Total Energy
    1.49785e+03    9.42633e+02   -3.89394e+05    7.72484e+04   -3.12145e+05
  Conserved En.    Temperature Pressure (bar)   Constr. rmsd
   -3.83886e+05    2.97731e+02   -1.37939e+03    3.21750e-06

           Step           Time
          36500       73.00000

   Energies (kJ/mol)
           Bond          Angle            U-B    Proper Dih.  Improper Dih.
    1.79410e+03    6.23088e+01    4.72409e+03    5.63290e+03    2.47326e+02
      CMAP Dih.          LJ-14     Coulomb-14        LJ (SR)   Coulomb (SR)
   -2.22712e+02    1.51851e+03    2.57675e+04    3.74894e+04   -4.69849e+05
   Coul. recip. Position Rest.      Potential    Kinetic En.   Total Energy
    1.45693e+03    1.05548e+03   -3.90323e+05    7.75795e+04   -3.12744e+05
  Conserved En.    Temperature Pressure (bar)   Constr. rmsd
   -3.83903e+05    2.99007e+02   -8.48488e+02    3.09783e-06

           Step           Time
          37000       74.00000

   Energies (kJ/mol)
           Bond          Angle            U-B    Proper Dih.  Improper Dih.
    1.90531e+03    1.07940e+02    4.98610e+03    5.59487e+03    3.21910e+02
      CMAP Dih.          LJ-14     Coulomb-14        LJ (SR)   Coulomb (SR)
   -2.12850e+02    1.49910e+03    2.56078e+04    3.77632e+04   -4.70286e+05
   Coul. recip. Position Rest.      Potential    Kinetic En.   Total Energy
    1.48943e+03    9.72117e+02   -3.90251e+05    7.77258e+04   -3.12526e+05
  Conserved En.    Temperature Pressure (bar)   Constr. rmsd
   -3.83872e+05    2.99571e+02   -9.73728e+02    2.90881e-06

           Step           Time
          37500       75.00000

   Energies (kJ/mol)
           Bond          Angle            U-B    Proper Dih.  Improper Dih.
    1.78600e+03    7.41940e+01    4.90423e+03    5.63430e+03    2.77527e+02
      CMAP Dih.          LJ-14     Coulomb-14        LJ (SR)   Coulomb (SR)
   -2.32095e+02    1.55573e+03    2.57763e+04    3.77034e+04   -4.69157e+05
   Coul. recip. Position Rest.      Potential    Kinetic En.   Total Energy
    1.51409e+03    9.80577e+02   -3.89182e+05    7.86857e+04   -3.10497e+05
  Conserved En.    Temperature Pressure (bar)   Constr. rmsd
   -3.83889e+05    3.03271e+02   -7.81970e+02    3.10321e-06

           Step           Time
          38000       76.00000

   Energies (kJ/mol)
           Bond          Angle            U-B    Proper Dih.  Improper Dih.
    1.92727e+03    7.40836e+01    4.66644e+03    5.63730e+03    2.67587e+02
      CMAP Dih.          LJ-14     Coulomb-14        LJ (SR)   Coulomb (SR)
   -2.32523e+02    1.48360e+03    2.57477e+04    3.82577e+04   -4.70373e+05
   Coul. recip. Position Rest.      Potential    Kinetic En.   Total Energy
    1.50906e+03    9.41414e+02   -3.90093e+05    7.75161e+04   -3.12577e+05
  Conserved En.    Temperature Pressure (bar)   Constr. rmsd
   -3.83881e+05    2.98763e+02   -8.49922e+02    3.21597e-06

           Step           Time
          38500       77.00000

   Energies (kJ/mol)
           Bond          Angle            U-B    Proper Dih.  Improper Dih.
    1.92778e+03    6.42183e+01    4.96310e+03    5.65789e+03    2.67309e+02
      CMAP Dih.          LJ-14     Coulomb-14        LJ (SR)   Coulomb (SR)
   -2.26307e+02    1.52544e+03    2.56327e+04    3.79853e+04   -4.69479e+05
   Coul. recip. Position Rest.      Potential    Kinetic En.   Total Energy
    1.54879e+03    9.10813e+02   -3.89222e+05    7.85491e+04   -3.10673e+05
  Conserved En.    Temperature Pressure (bar)   Constr. rmsd
   -3.83870e+05    3.02744e+02   -8.13573e+02    3.16834e-06

           Step           Time
          39000       78.00000

   Energies (kJ/mol)
           Bond          Angle            U-B    Proper Dih.  Improper Dih.
    1.85487e+03    9.05345e+01    4.75690e+03    5.67215e+03    2.94272e+02
      CMAP Dih.          LJ-14     Coulomb-14        LJ (SR)   Coulomb (SR)
   -2.22616e+02    1.50960e+03    2.56715e+04    3.70127e+04   -4.68495e+05
   Coul. recip. Position Rest.      Potential    Kinetic En.   Total Energy
    1.46211e+03    9.37561e+02   -3.89456e+05    7.76873e+04   -3.11769e+05
  Conserved En.    Temperature Pressure (bar)   Constr. rmsd
   -3.83864e+05    2.99423e+02   -7.53751e+02    3.28620e-06

           Step           Time
          39500       79.00000

   Energies (kJ/mol)
           Bond          Angle            U-B    Proper Dih.  Improper Dih.
    1.74097e+03    1.20775e+02    4.87882e+03    5.67400e+03    3.02833e+02
      CMAP Dih.          LJ-14     Coulomb-14        LJ (SR)   Coulomb (SR)
   -2.19139e+02    1.54082e+03    2.57989e+04    3.72979e+04   -4.68917e+05
   Coul. recip. Position Rest.      Potential    Kinetic En.   Total Energy
    1.52527e+03    9.76159e+02   -3.89280e+05    7.81728e+04   -3.11107e+05
  Conserved En.    Temperature Pressure (bar)   Constr. rmsd
   -3.83867e+05    3.01294e+02   -9.12987e+02    2.99409e-06

           Step           Time
          40000       80.00000

   Energies (kJ/mol)
           Bond          Angle            U-B    Proper Dih.  Improper Dih.
    2.02742e+03    1.13213e+02    4.73602e+03    5.67715e+03    2.80428e+02
      CMAP Dih.          LJ-14     Coulomb-14        LJ (SR)   Coulomb (SR)
   -2.09074e+02    1.48261e+03    2.57081e+04    3.78840e+04   -4.69336e+05
   Coul. recip. Position Rest.      Potential    Kinetic En.   Total Energy
    1.44372e+03    9.58728e+02   -3.89234e+05    7.80401e+04   -3.11193e+05
  Conserved En.    Temperature Pressure (bar)   Constr. rmsd
   -3.83858e+05    3.00783e+02   -1.27376e+03    3.00465e-06

           Step           Time
          40500       81.00000

   Energies (kJ/mol)
           Bond          Angle            U-B    Proper Dih.  Improper Dih.
    1.77586e+03    9.15900e+01    5.02169e+03    5.58827e+03    3.06386e+02
      CMAP Dih.          LJ-14     Coulomb-14        LJ (SR)   Coulomb (SR)
   -1.99096e+02    1.47543e+03    2.55846e+04    3.70388e+04   -4.69691e+05
   Coul. recip. Position Rest.      Potential    Kinetic En.   Total Energy
    1.49399e+03    9.77860e+02   -3.90536e+05    7.79966e+04   -3.12539e+05
  Conserved En.    Temperature Pressure (bar)   Constr. rmsd
   -3.83853e+05    3.00615e+02   -1.27399e+03    3.02772e-06

           Step           Time
          41000       82.00000

   Energies (kJ/mol)
           Bond          Angle            U-B    Proper Dih.  Improper Dih.
    1.89773e+03    8.82104e+01    4.81917e+03    5.68709e+03    2.70414e+02
      CMAP Dih.          LJ-14     Coulomb-14        LJ (SR)   Coulomb (SR)
   -2.05931e+02    1.52035e+03    2.56200e+04    3.83476e+04   -4.70770e+05
   Coul. recip. Position Rest.      Potential    Kinetic En.   Total Energy
    1.54336e+03    9.15772e+02   -3.90267e+05    7.81307e+04   -3.12136e+05
  Conserved En.    Temperature Pressure (bar)   Constr. rmsd
   -3.83844e+05    3.01132e+02   -6.78382e+02    3.02317e-06

Writing checkpoint, step 41040 at Mon Oct 14 01:41:44 2024


           Step           Time
          41500       83.00000

   Energies (kJ/mol)
           Bond          Angle            U-B    Proper Dih.  Improper Dih.
    1.64648e+03    7.57416e+01    4.84726e+03    5.70156e+03    2.87084e+02
      CMAP Dih.          LJ-14     Coulomb-14        LJ (SR)   Coulomb (SR)
   -2.19184e+02    1.53995e+03    2.58173e+04    3.77026e+04   -4.70369e+05
   Coul. recip. Position Rest.      Potential    Kinetic En.   Total Energy
    1.46484e+03    9.93049e+02   -3.90512e+05    7.81527e+04   -3.12359e+05
  Conserved En.    Temperature Pressure (bar)   Constr. rmsd
   -3.83858e+05    3.01216e+02   -7.21947e+02    3.10415e-06

           Step           Time
          42000       84.00000

   Energies (kJ/mol)
           Bond          Angle            U-B    Proper Dih.  Improper Dih.
    1.76263e+03    1.02714e+02    4.89430e+03    5.58614e+03    3.11403e+02
      CMAP Dih.          LJ-14     Coulomb-14        LJ (SR)   Coulomb (SR)
   -1.92798e+02    1.50595e+03    2.58066e+04    3.74670e+04   -4.68635e+05
   Coul. recip. Position Rest.      Potential    Kinetic En.   Total Energy
    1.47370e+03    8.49991e+02   -3.89067e+05    7.80119e+04   -3.11055e+05
  Conserved En.    Temperature Pressure (bar)   Constr. rmsd
   -3.83829e+05    3.00674e+02   -6.47189e+02    2.97178e-06

           Step           Time
          42500       85.00000

   Energies (kJ/mol)
           Bond          Angle            U-B    Proper Dih.  Improper Dih.
    1.91618e+03    1.00524e+02    4.78168e+03    5.62345e+03    2.84334e+02
      CMAP Dih.          LJ-14     Coulomb-14        LJ (SR)   Coulomb (SR)
   -2.55310e+02    1.52605e+03    2.56207e+04    3.86066e+04   -4.70062e+05
   Coul. recip. Position Rest.      Potential    Kinetic En.   Total Energy
    1.48280e+03    8.98677e+02   -3.89476e+05    7.75382e+04   -3.11938e+05
  Conserved En.    Temperature Pressure (bar)   Constr. rmsd
   -3.83838e+05    2.98848e+02   -4.61434e+02    3.05969e-06

           Step           Time
          43000       86.00000

   Energies (kJ/mol)
           Bond          Angle            U-B    Proper Dih.  Improper Dih.
    1.75266e+03    1.02547e+02    4.95858e+03    5.58112e+03    2.94968e+02
      CMAP Dih.          LJ-14     Coulomb-14        LJ (SR)   Coulomb (SR)
   -1.93582e+02    1.56549e+03    2.55687e+04    3.75639e+04   -4.68761e+05
   Coul. recip. Position Rest.      Potential    Kinetic En.   Total Energy
    1.57695e+03    9.62406e+02   -3.89027e+05    7.81478e+04   -3.10879e+05
  Conserved En.    Temperature Pressure (bar)   Constr. rmsd
   -3.83826e+05    3.01197e+02   -8.98643e+02    3.49912e-06

           Step           Time
          43500       87.00000

   Energies (kJ/mol)
           Bond          Angle            U-B    Proper Dih.  Improper Dih.
    1.80519e+03    8.39574e+01    4.90517e+03    5.67374e+03    2.87774e+02
      CMAP Dih.          LJ-14     Coulomb-14        LJ (SR)   Coulomb (SR)
   -2.26718e+02    1.51296e+03    2.56292e+04    3.67680e+04   -4.67923e+05
   Coul. recip. Position Rest.      Potential    Kinetic En.   Total Energy
    1.49684e+03    9.92741e+02   -3.88994e+05    7.78517e+04   -3.11143e+05
  Conserved En.    Temperature Pressure (bar)   Constr. rmsd
   -3.83836e+05    3.00056e+02   -8.97752e+02    3.33944e-06

           Step           Time
          44000       88.00000

   Energies (kJ/mol)
           Bond          Angle            U-B    Proper Dih.  Improper Dih.
    1.85638e+03    8.71222e+01    4.82219e+03    5.71083e+03    3.24238e+02
      CMAP Dih.          LJ-14     Coulomb-14        LJ (SR)   Coulomb (SR)
   -1.82975e+02    1.51710e+03    2.56605e+04    3.78949e+04   -4.68574e+05
   Coul. recip. Position Rest.      Potential    Kinetic En.   Total Energy
    1.51468e+03    9.26707e+02   -3.88442e+05    7.85603e+04   -3.09882e+05
  Conserved En.    Temperature Pressure (bar)   Constr. rmsd
   -3.83828e+05    3.02787e+02   -6.26574e+02    3.56753e-06

           Step           Time
          44500       89.00000

   Energies (kJ/mol)
           Bond          Angle            U-B    Proper Dih.  Improper Dih.
    1.84641e+03    1.07754e+02    4.79856e+03    5.65723e+03    3.39135e+02
      CMAP Dih.          LJ-14     Coulomb-14        LJ (SR)   Coulomb (SR)
   -2.00077e+02    1.52277e+03    2.58423e+04    3.68763e+04   -4.68198e+05
   Coul. recip. Position Rest.      Potential    Kinetic En.   Total Energy
    1.52058e+03    9.73595e+02   -3.88913e+05    7.82601e+04   -3.10653e+05
  Conserved En.    Temperature Pressure (bar)   Constr. rmsd
   -3.83823e+05    3.01630e+02   -9.48049e+02    3.05963e-06

           Step           Time
          45000       90.00000

   Energies (kJ/mol)
           Bond          Angle            U-B    Proper Dih.  Improper Dih.
    1.89543e+03    1.10972e+02    4.67335e+03    5.63841e+03    3.04855e+02
      CMAP Dih.          LJ-14     Coulomb-14        LJ (SR)   Coulomb (SR)
   -1.74071e+02    1.49062e+03    2.57142e+04    3.76254e+04   -4.69763e+05
   Coul. recip. Position Rest.      Potential    Kinetic En.   Total Energy
    1.47953e+03    9.67384e+02   -3.90037e+05    7.75434e+04   -3.12494e+05
  Conserved En.    Temperature Pressure (bar)   Constr. rmsd
   -3.83821e+05    2.98868e+02   -1.01532e+03    3.11422e-06

           Step           Time
          45500       91.00000

   Energies (kJ/mol)
           Bond          Angle            U-B    Proper Dih.  Improper Dih.
    1.82938e+03    1.08226e+02    4.91762e+03    5.63249e+03    3.24687e+02
      CMAP Dih.          LJ-14     Coulomb-14        LJ (SR)   Coulomb (SR)
   -2.37833e+02    1.51095e+03    2.54401e+04    3.75556e+04   -4.68751e+05
   Coul. recip. Position Rest.      Potential    Kinetic En.   Total Energy
    1.54592e+03    8.99906e+02   -3.89224e+05    7.77732e+04   -3.11451e+05
  Conserved En.    Temperature Pressure (bar)   Constr. rmsd
   -3.83811e+05    2.99754e+02   -8.45433e+02    2.89418e-06

           Step           Time
          46000       92.00000

   Energies (kJ/mol)
           Bond          Angle            U-B    Proper Dih.  Improper Dih.
    1.81699e+03    1.11123e+02    4.76160e+03    5.60495e+03    2.74606e+02
      CMAP Dih.          LJ-14     Coulomb-14        LJ (SR)   Coulomb (SR)
   -1.81110e+02    1.54814e+03    2.57492e+04    3.77518e+04   -4.70155e+05
   Coul. recip. Position Rest.      Potential    Kinetic En.   Total Energy
    1.47405e+03    9.97047e+02   -3.90247e+05    7.82806e+04   -3.11966e+05
  Conserved En.    Temperature Pressure (bar)   Constr. rmsd
   -3.83814e+05    3.01709e+02   -4.42234e+02    3.23129e-06

           Step           Time
          46500       93.00000

   Energies (kJ/mol)
           Bond          Angle            U-B    Proper Dih.  Improper Dih.
    1.85494e+03    1.09193e+02    4.83197e+03    5.54243e+03    3.24845e+02
      CMAP Dih.          LJ-14     Coulomb-14        LJ (SR)   Coulomb (SR)
   -2.14248e+02    1.53683e+03    2.58655e+04    3.81200e+04   -4.70144e+05
   Coul. recip. Position Rest.      Potential    Kinetic En.   Total Energy
    1.44189e+03    9.93712e+02   -3.89736e+05    7.79250e+04   -3.11812e+05
  Conserved En.    Temperature Pressure (bar)   Constr. rmsd
   -3.83808e+05    3.00339e+02   -6.77394e+02    3.41643e-06

           Step           Time
          47000       94.00000

   Energies (kJ/mol)
           Bond          Angle            U-B    Proper Dih.  Improper Dih.
    1.84525e+03    9.18728e+01    4.86503e+03    5.69489e+03    2.58895e+02
      CMAP Dih.          LJ-14     Coulomb-14        LJ (SR)   Coulomb (SR)
   -2.39120e+02    1.47266e+03    2.58025e+04    3.83317e+04   -4.69699e+05
   Coul. recip. Position Rest.      Potential    Kinetic En.   Total Energy
    1.45765e+03    1.00892e+03   -3.89109e+05    7.75793e+04   -3.11529e+05
  Conserved En.    Temperature Pressure (bar)   Constr. rmsd
   -3.83798e+05    2.99006e+02   -1.00321e+03    2.93508e-06

           Step           Time
          47500       95.00000

   Energies (kJ/mol)
           Bond          Angle            U-B    Proper Dih.  Improper Dih.
    1.69109e+03    9.86965e+01    4.86117e+03    5.64987e+03    2.81731e+02
      CMAP Dih.          LJ-14     Coulomb-14        LJ (SR)   Coulomb (SR)
   -2.26235e+02    1.53217e+03    2.57047e+04    3.67312e+04   -4.68743e+05
   Coul. recip. Position Rest.      Potential    Kinetic En.   Total Energy
    1.46653e+03    1.06440e+03   -3.89888e+05    7.72147e+04   -3.12673e+05
  Conserved En.    Temperature Pressure (bar)   Constr. rmsd
   -3.83793e+05    2.97601e+02   -7.97376e+02    3.04346e-06

           Step           Time
          48000       96.00000

   Energies (kJ/mol)
           Bond          Angle            U-B    Proper Dih.  Improper Dih.
    1.78297e+03    1.09882e+02    4.85399e+03    5.64039e+03    2.62138e+02
      CMAP Dih.          LJ-14     Coulomb-14        LJ (SR)   Coulomb (SR)
   -1.90370e+02    1.54168e+03    2.57561e+04    3.64398e+04   -4.67240e+05
   Coul. recip. Position Rest.      Potential    Kinetic En.   Total Energy
    1.45614e+03    9.53518e+02   -3.88633e+05    7.83499e+04   -3.10283e+05
  Conserved En.    Temperature Pressure (bar)   Constr. rmsd
   -3.83791e+05    3.01976e+02   -7.88650e+02    2.97408e-06

           Step           Time
          48500       97.00000

   Energies (kJ/mol)
           Bond          Angle            U-B    Proper Dih.  Improper Dih.
    1.79958e+03    7.87649e+01    4.87688e+03    5.60376e+03    2.86060e+02
      CMAP Dih.          LJ-14     Coulomb-14        LJ (SR)   Coulomb (SR)
   -2.17477e+02    1.47281e+03    2.57418e+04    3.77064e+04   -4.69479e+05
   Coul. recip. Position Rest.      Potential    Kinetic En.   Total Energy
    1.47353e+03    9.54069e+02   -3.89703e+05    7.81562e+04   -3.11547e+05
  Conserved En.    Temperature Pressure (bar)   Constr. rmsd
   -3.83801e+05    3.01230e+02   -1.19663e+03    3.21504e-06

           Step           Time
          49000       98.00000

   Energies (kJ/mol)
           Bond          Angle            U-B    Proper Dih.  Improper Dih.
    1.72625e+03    1.08693e+02    5.09365e+03    5.66557e+03    2.91784e+02
      CMAP Dih.          LJ-14     Coulomb-14        LJ (SR)   Coulomb (SR)
   -2.03863e+02    1.55008e+03    2.54901e+04    3.79998e+04   -4.69471e+05
   Coul. recip. Position Rest.      Potential    Kinetic En.   Total Energy
    1.48503e+03    9.33298e+02   -3.89330e+05    7.79788e+04   -3.11352e+05
  Conserved En.    Temperature Pressure (bar)   Constr. rmsd
   -3.83790e+05    3.00546e+02   -1.10454e+03    3.13749e-06

           Step           Time
          49500       99.00000

   Energies (kJ/mol)
           Bond          Angle            U-B    Proper Dih.  Improper Dih.
    1.91274e+03    1.11750e+02    4.81302e+03    5.76414e+03    2.30795e+02
      CMAP Dih.          LJ-14     Coulomb-14        LJ (SR)   Coulomb (SR)
   -2.31818e+02    1.54316e+03    2.57170e+04    3.72743e+04   -4.68592e+05
   Coul. recip. Position Rest.      Potential    Kinetic En.   Total Energy
    1.50487e+03    9.90472e+02   -3.88961e+05    7.81804e+04   -3.10781e+05
  Conserved En.    Temperature Pressure (bar)   Constr. rmsd
   -3.83784e+05    3.01323e+02   -8.15987e+02    3.04180e-06

           Step           Time
          50000      100.00000

Writing checkpoint, step 50000 at Mon Oct 14 01:48:06 2024


   Energies (kJ/mol)
           Bond          Angle            U-B    Proper Dih.  Improper Dih.
    1.80868e+03    9.05487e+01    4.82386e+03    5.61302e+03    2.60992e+02
      CMAP Dih.          LJ-14     Coulomb-14        LJ (SR)   Coulomb (SR)
   -1.86545e+02    1.59163e+03    2.56431e+04    3.81118e+04   -4.70254e+05
   Coul. recip. Position Rest.      Potential    Kinetic En.   Total Energy
    1.51648e+03    9.14815e+02   -3.90066e+05    7.78425e+04   -3.12223e+05
  Conserved En.    Temperature Pressure (bar)   Constr. rmsd
   -3.83796e+05    3.00021e+02   -1.16742e+03    3.44949e-06


Energy conservation over simulation part #1 of length 100 ns, time 0 to 100 ns
  Conserved energy drift: 3.67e-04 kJ/mol/ps per atom


	<======  ###############  ==>
	<====  A V E R A G E S  ====>
	<==  ###############  ======>

	Statistics over 50001 steps using 501 frames

   Energies (kJ/mol)
           Bond          Angle            U-B    Proper Dih.  Improper Dih.
    1.80681e+03    9.40706e+01    4.85848e+03    5.64724e+03    2.87429e+02
      CMAP Dih.          LJ-14     Coulomb-14        LJ (SR)   Coulomb (SR)
   -2.17126e+02    1.52888e+03    2.56922e+04    3.76341e+04   -4.69587e+05
   Coul. recip. Position Rest.      Potential    Kinetic En.   Total Energy
    1.49685e+03    9.68706e+02   -3.89789e+05    7.78031e+04   -3.11986e+05
  Conserved En.    Temperature Pressure (bar)   Constr. rmsd
   -3.83981e+05    2.99869e+02   -8.60353e+02    0.00000e+00

   Total Virial (kJ/mol)
    3.47395e+04   -7.14677e+02    2.10130e+02
   -7.14768e+02    3.35109e+04   -4.88732e+02
    2.10016e+02   -4.88686e+02    3.43167e+04

   Pressure (bar)
   -9.15894e+02    6.96128e+01   -2.38302e+01
    6.96224e+01   -7.92345e+02    5.09328e+01
   -2.38184e+01    5.09280e+01   -8.72821e+02

  T-Protein_LIGT-Water_and_ions
    3.00119e+02    2.99847e+02


	M E G A - F L O P S   A C C O U N T I N G

 NB=Group-cutoff nonbonded kernels    NxN=N-by-N cluster Verlet kernels
 RF=Reaction-Field  VdW=Van der Waals  QSTab=quadratic-spline table
 W3=SPC/TIP3p  W4=TIP4p (single or pairs)
 V&F=Potential and force  V=Potential only  F=Force only

 Computing:                               M-Number         M-Flops  % Flops
-----------------------------------------------------------------------------
 Pair Search distance check            8409.827520       75688.448     0.1
 NxN QSTab Elec. + LJ [F]           1136875.722704    60254413.303    93.0
 NxN QSTab Elec. + LJ [V&F]           11506.545896      932030.218     1.4
 NxN QSTab Elec. [F]                  21750.018128      739500.616     1.1
 NxN QSTab Elec. [V&F]                  220.556904        9042.833     0.0
 1,4 nonbonded interactions             270.055401       24304.986     0.0
 Calc Weights                          4604.192082      165750.915     0.3
 Spread Q Bspline                     98222.764416      196445.529     0.3
 Gather F Bspline                     98222.764416      589336.586     0.9
 3D-FFT                              185299.305912     1482394.447     2.3
 Solve PME                              115.202304        7372.947     0.0
 Shift-X                                 19.214444         115.287     0.0
 Bonds                                   52.551051        3100.512     0.0
 Angles                                   3.100062         520.810     0.0
 Propers                                265.405308       60777.816     0.1
 Impropers                               17.850357        3712.874     0.0
 Pos. Restr.                             51.251025        2562.551     0.0
 Virial                                  15.400239         277.204     0.0
 Stop-CM                                 15.408388         154.084     0.0
 Calc-Ekin                              307.001388        8289.037     0.0
 Lincs                                   51.053063        3063.184     0.0
 Lincs-Mat                              280.816848        1123.267     0.0
 Constraint-V                          1534.511378       13810.602     0.0
 Constraint-Vir                          14.863668         356.728     0.0
 Settle                                 477.478647      176667.099     0.3
 CMAP                                     6.350127       10795.216     0.0
 Urey-Bradley                           184.653693       33791.626     0.1
-----------------------------------------------------------------------------
 Total                                                64795398.728   100.0
-----------------------------------------------------------------------------


     R E A L   C Y C L E   A N D   T I M E   A C C O U N T I N G

On 1 MPI rank, each using 4 OpenMP threads

 Computing:          Num   Num      Call    Wall time         Giga-Cycles
                     Ranks Threads  Count      (s)         total sum    %
-----------------------------------------------------------------------------
 Neighbor search        1    4        626      18.390        205.496   0.8
 Force                  1    4      50001    1869.239      20887.220  85.5
 PME mesh               1    4      50001     222.408       2485.231  10.2
 NB X/F buffer ops.     1    4      99376      37.576        419.882   1.7
 Write traj.            1    4        103       1.246         13.919   0.1
 Update                 1    4      50001      15.344        171.458   0.7
 Constraints            1    4      50003      17.775        198.620   0.8
 Rest                                           3.332         37.233   0.2
-----------------------------------------------------------------------------
 Total                                       2185.310      24419.060 100.0
-----------------------------------------------------------------------------
 Breakdown of PME mesh computation
-----------------------------------------------------------------------------
 PME spread             1    4      50001      78.207        873.898   3.6
 PME gather             1    4      50001      94.512       1056.098   4.3
 PME 3D-FFT             1    4     100002      41.152        459.843   1.9
 PME solve Elec         1    4      50001       5.831         65.157   0.3
-----------------------------------------------------------------------------

               Core t (s)   Wall t (s)        (%)
       Time:     8741.237     2185.310      400.0
                         36:25
                 (ns/day)    (hour/ns)
Performance:        3.954        6.070
Finished mdrun on rank 0 Mon Oct 14 01:48:06 2024

